C:\FILI\DEVELOPMENT\GP\RTSAIRESEARCH\BWAPI\BWAPI\DEBUG\LIBREPLAYTOOL.LIB
C:\Fili\Development\GP\RtsAiResearch\bwapi\bwapi\libReplayTool\Debug\ActionParser.obj
C:\Fili\Development\GP\RtsAiResearch\bwapi\bwapi\libReplayTool\Debug\BuildAction.obj
C:\Fili\Development\GP\RtsAiResearch\bwapi\bwapi\libReplayTool\Debug\BurrowAction.obj
C:\Fili\Development\GP\RtsAiResearch\bwapi\bwapi\libReplayTool\Debug\ChatReplayAction.obj
C:\Fili\Development\GP\RtsAiResearch\bwapi\bwapi\libReplayTool\Debug\CL.11628.read.1.tlog
C:\Fili\Development\GP\RtsAiResearch\bwapi\bwapi\libReplayTool\Debug\CL.11628.write.1.tlog
C:\Fili\Development\GP\RtsAiResearch\bwapi\bwapi\libReplayTool\Debug\CL.13572.read.1.tlog
C:\Fili\Development\GP\RtsAiResearch\bwapi\bwapi\libReplayTool\Debug\CL.13572.write.1.tlog
C:\Fili\Development\GP\RtsAiResearch\bwapi\bwapi\libReplayTool\Debug\CL.13752.read.1.tlog
C:\Fili\Development\GP\RtsAiResearch\bwapi\bwapi\libReplayTool\Debug\CL.13752.write.1.tlog
C:\Fili\Development\GP\RtsAiResearch\bwapi\bwapi\libReplayTool\Debug\CL.14972.read.1.tlog
C:\Fili\Development\GP\RtsAiResearch\bwapi\bwapi\libReplayTool\Debug\CL.14972.write.1.tlog
C:\Fili\Development\GP\RtsAiResearch\bwapi\bwapi\libReplayTool\Debug\CL.7604.read.1.tlog
C:\Fili\Development\GP\RtsAiResearch\bwapi\bwapi\libReplayTool\Debug\CL.7604.write.1.tlog
C:\Fili\Development\GP\RtsAiResearch\bwapi\bwapi\libReplayTool\Debug\CL.8908.read.1.tlog
C:\Fili\Development\GP\RtsAiResearch\bwapi\bwapi\libReplayTool\Debug\CL.8908.write.1.tlog
C:\Fili\Development\GP\RtsAiResearch\bwapi\bwapi\libReplayTool\Debug\CL.9208.read.1.tlog
C:\Fili\Development\GP\RtsAiResearch\bwapi\bwapi\libReplayTool\Debug\CL.9208.write.1.tlog
C:\Fili\Development\GP\RtsAiResearch\bwapi\bwapi\libReplayTool\Debug\CL.9936.read.1.tlog
C:\Fili\Development\GP\RtsAiResearch\bwapi\bwapi\libReplayTool\Debug\CL.9936.write.1.tlog
C:\Fili\Development\GP\RtsAiResearch\bwapi\bwapi\libReplayTool\Debug\cl.command.1.tlog
C:\Fili\Development\GP\RtsAiResearch\bwapi\bwapi\libReplayTool\Debug\CL.read.1.tlog
C:\Fili\Development\GP\RtsAiResearch\bwapi\bwapi\libReplayTool\Debug\cl.write.1.tlog
C:\Fili\Development\GP\RtsAiResearch\bwapi\bwapi\libReplayTool\Debug\CloakAction.obj
C:\Fili\Development\GP\RtsAiResearch\bwapi\bwapi\libReplayTool\Debug\FileReader.obj
C:\Fili\Development\GP\RtsAiResearch\bwapi\bwapi\libReplayTool\Debug\FileWriter.obj
C:\Fili\Development\GP\RtsAiResearch\bwapi\bwapi\libReplayTool\Debug\GameAction.obj
C:\Fili\Development\GP\RtsAiResearch\bwapi\bwapi\libReplayTool\Debug\LatencyAction.obj
C:\Fili\Development\GP\RtsAiResearch\bwapi\bwapi\libReplayTool\Debug\LeaveGameAction.obj
C:\Fili\Development\GP\RtsAiResearch\bwapi\bwapi\libReplayTool\Debug\lib.command.1.tlog
C:\Fili\Development\GP\RtsAiResearch\bwapi\bwapi\libReplayTool\Debug\Lib-link.read.1.tlog
C:\Fili\Development\GP\RtsAiResearch\bwapi\bwapi\libReplayTool\Debug\Lib-link.write.1.tlog
C:\Fili\Development\GP\RtsAiResearch\bwapi\bwapi\libReplayTool\Debug\libReplayTool.write.1.tlog
C:\Fili\Development\GP\RtsAiResearch\bwapi\bwapi\libReplayTool\Debug\LiftOffAction.obj
C:\Fili\Development\GP\RtsAiResearch\bwapi\bwapi\libReplayTool\Debug\Logger.obj
C:\Fili\Development\GP\RtsAiResearch\bwapi\bwapi\libReplayTool\Debug\PingMinimapAction.obj
C:\Fili\Development\GP\RtsAiResearch\bwapi\bwapi\libReplayTool\Debug\PKShared.obj
C:\Fili\Development\GP\RtsAiResearch\bwapi\bwapi\libReplayTool\Debug\Replay.obj
C:\Fili\Development\GP\RtsAiResearch\bwapi\bwapi\libReplayTool\Debug\ReplayReader.obj
C:\Fili\Development\GP\RtsAiResearch\bwapi\bwapi\libReplayTool\Debug\ReplayTool.obj
C:\Fili\Development\GP\RtsAiResearch\bwapi\bwapi\libReplayTool\Debug\RightClickAction.obj
C:\Fili\Development\GP\RtsAiResearch\bwapi\bwapi\libReplayTool\Debug\SelectAction.obj
C:\Fili\Development\GP\RtsAiResearch\bwapi\bwapi\libReplayTool\Debug\SetReplaySpeedAction.obj
C:\Fili\Development\GP\RtsAiResearch\bwapi\bwapi\libReplayTool\Debug\SetSpeedAction.obj
C:\Fili\Development\GP\RtsAiResearch\bwapi\bwapi\libReplayTool\Debug\StopAction.obj
C:\Fili\Development\GP\RtsAiResearch\bwapi\bwapi\libReplayTool\Debug\StrUtil.obj
C:\Fili\Development\GP\RtsAiResearch\bwapi\bwapi\libReplayTool\Debug\TankSiegeAction.obj
C:\Fili\Development\GP\RtsAiResearch\bwapi\bwapi\libReplayTool\Debug\TargetClickAction.obj
C:\Fili\Development\GP\RtsAiResearch\bwapi\bwapi\libReplayTool\Debug\UnloadAllAction.obj
C:\Fili\Development\GP\RtsAiResearch\bwapi\bwapi\libReplayTool\Debug\UpgradeAction.obj
C:\Fili\Development\GP\RtsAiResearch\bwapi\bwapi\libReplayTool\Debug\vc100.idb
C:\FILI\DEVELOPMENT\GP\RTSAIRESEARCH\BWAPI\BWAPI\LIBREPLAYTOOL\DEBUG\VC100.PDB
