  GameAction.cpp
  ActionParser.cpp
  BuildAction.cpp
  ChatReplayAction.cpp
  SelectAction.cpp
  BurrowAction.cpp
  CloakAction.cpp
  FileReader.cpp
  FileWriter.cpp
  LatencyAction.cpp
  LeaveGameAction.cpp
  LiftOffAction.cpp
  PingMinimapAction.cpp
  ReplayTool.cpp
  Logger.cpp
  PKShared.cpp
  Replay.cpp
  ReplayReader.cpp
  RightClickAction.cpp
  SetReplaySpeedAction.cpp
  Compiling...
  SetSpeedAction.cpp
  StopAction.cpp
  StrUtil.cpp
  TargetClickAction.cpp
  UnloadAllAction.cpp
  TankSiegeAction.cpp
  UpgradeAction.cpp
  libReplayTool.vcxproj -> C:\Fili\Development\GP\RtsAiResearch\bwapi\bwapi\Release\libReplayTool.lib
