C:\FILI\DEVELOPMENT\GP\RTSAIRESEARCH\BWAPI\BWAPI\LIBREPLAYTOOL\RELEASE\ACTIONPARSER.OBJ
C:\FILI\DEVELOPMENT\GP\RTSAIRESEARCH\BWAPI\BWAPI\LIBREPLAYTOOL\RELEASE\BUILDACTION.OBJ
C:\FILI\DEVELOPMENT\GP\RTSAIRESEARCH\BWAPI\BWAPI\LIBREPLAYTOOL\RELEASE\BURROWACTION.OBJ
C:\FILI\DEVELOPMENT\GP\RTSAIRESEARCH\BWAPI\BWAPI\LIBREPLAYTOOL\RELEASE\CHATREPLAYACTION.OBJ
C:\Fili\Development\GP\RtsAiResearch\bwapi\bwapi\libReplayTool\Release\cl.command.1.tlog
C:\Fili\Development\GP\RtsAiResearch\bwapi\bwapi\libReplayTool\Release\CL.read.1.tlog
C:\Fili\Development\GP\RtsAiResearch\bwapi\bwapi\libReplayTool\Release\CL.write.1.tlog
C:\FILI\DEVELOPMENT\GP\RTSAIRESEARCH\BWAPI\BWAPI\LIBREPLAYTOOL\RELEASE\CLOAKACTION.OBJ
C:\FILI\DEVELOPMENT\GP\RTSAIRESEARCH\BWAPI\BWAPI\LIBREPLAYTOOL\RELEASE\FILEREADER.OBJ
C:\FILI\DEVELOPMENT\GP\RTSAIRESEARCH\BWAPI\BWAPI\LIBREPLAYTOOL\RELEASE\FILEWRITER.OBJ
C:\FILI\DEVELOPMENT\GP\RTSAIRESEARCH\BWAPI\BWAPI\LIBREPLAYTOOL\RELEASE\GAMEACTION.OBJ
C:\FILI\DEVELOPMENT\GP\RTSAIRESEARCH\BWAPI\BWAPI\LIBREPLAYTOOL\RELEASE\LATENCYACTION.OBJ
C:\FILI\DEVELOPMENT\GP\RTSAIRESEARCH\BWAPI\BWAPI\LIBREPLAYTOOL\RELEASE\LEAVEGAMEACTION.OBJ
C:\Fili\Development\GP\RtsAiResearch\bwapi\bwapi\libReplayTool\Release\lib.command.1.tlog
C:\Fili\Development\GP\RtsAiResearch\bwapi\bwapi\libReplayTool\Release\Lib-link.read.1.tlog
C:\Fili\Development\GP\RtsAiResearch\bwapi\bwapi\libReplayTool\Release\Lib-link.write.1.tlog
C:\Fili\Development\GP\RtsAiResearch\bwapi\bwapi\libReplayTool\Release\libReplayTool.write.1.tlog
C:\FILI\DEVELOPMENT\GP\RTSAIRESEARCH\BWAPI\BWAPI\LIBREPLAYTOOL\RELEASE\LIFTOFFACTION.OBJ
C:\FILI\DEVELOPMENT\GP\RTSAIRESEARCH\BWAPI\BWAPI\LIBREPLAYTOOL\RELEASE\LOGGER.OBJ
C:\FILI\DEVELOPMENT\GP\RTSAIRESEARCH\BWAPI\BWAPI\LIBREPLAYTOOL\RELEASE\PINGMINIMAPACTION.OBJ
C:\FILI\DEVELOPMENT\GP\RTSAIRESEARCH\BWAPI\BWAPI\LIBREPLAYTOOL\RELEASE\PKSHARED.OBJ
C:\FILI\DEVELOPMENT\GP\RTSAIRESEARCH\BWAPI\BWAPI\LIBREPLAYTOOL\RELEASE\REPLAY.OBJ
C:\FILI\DEVELOPMENT\GP\RTSAIRESEARCH\BWAPI\BWAPI\LIBREPLAYTOOL\RELEASE\REPLAYREADER.OBJ
C:\FILI\DEVELOPMENT\GP\RTSAIRESEARCH\BWAPI\BWAPI\LIBREPLAYTOOL\RELEASE\REPLAYTOOL.OBJ
C:\FILI\DEVELOPMENT\GP\RTSAIRESEARCH\BWAPI\BWAPI\LIBREPLAYTOOL\RELEASE\RIGHTCLICKACTION.OBJ
C:\FILI\DEVELOPMENT\GP\RTSAIRESEARCH\BWAPI\BWAPI\LIBREPLAYTOOL\RELEASE\SELECTACTION.OBJ
C:\FILI\DEVELOPMENT\GP\RTSAIRESEARCH\BWAPI\BWAPI\LIBREPLAYTOOL\RELEASE\SETREPLAYSPEEDACTION.OBJ
C:\FILI\DEVELOPMENT\GP\RTSAIRESEARCH\BWAPI\BWAPI\LIBREPLAYTOOL\RELEASE\SETSPEEDACTION.OBJ
C:\FILI\DEVELOPMENT\GP\RTSAIRESEARCH\BWAPI\BWAPI\LIBREPLAYTOOL\RELEASE\STOPACTION.OBJ
C:\FILI\DEVELOPMENT\GP\RTSAIRESEARCH\BWAPI\BWAPI\LIBREPLAYTOOL\RELEASE\STRUTIL.OBJ
C:\FILI\DEVELOPMENT\GP\RTSAIRESEARCH\BWAPI\BWAPI\LIBREPLAYTOOL\RELEASE\TANKSIEGEACTION.OBJ
C:\FILI\DEVELOPMENT\GP\RTSAIRESEARCH\BWAPI\BWAPI\LIBREPLAYTOOL\RELEASE\TARGETCLICKACTION.OBJ
C:\FILI\DEVELOPMENT\GP\RTSAIRESEARCH\BWAPI\BWAPI\LIBREPLAYTOOL\RELEASE\UNLOADALLACTION.OBJ
C:\FILI\DEVELOPMENT\GP\RTSAIRESEARCH\BWAPI\BWAPI\LIBREPLAYTOOL\RELEASE\UPGRADEACTION.OBJ
C:\FILI\DEVELOPMENT\GP\RTSAIRESEARCH\BWAPI\BWAPI\LIBREPLAYTOOL\RELEASE\VC100.PDB
C:\FILI\DEVELOPMENT\GP\RTSAIRESEARCH\BWAPI\BWAPI\RELEASE\LIBREPLAYTOOL.LIB
